<?xml version="1.0" encoding="UTF-8"?>
<!-- Generated by org.testng.reporters.JUnitXMLReporter -->
<testsuite hostname="LAPTOP-DKIK15C0" ignored="0" name="Test" tests="5" failures="0" timestamp="20 Jul 2023 13:20:34 GMT" time="71.803" errors="0">
  <testcase name="LoginRunnerUsingMultiData" time="4.179" classname="org.Selenum.GcReddy.TestNGClasses.LoginActions_MultipleData"/>
  <testcase name="LoginRunnerUsingMultiData" time="2.823" classname="org.Selenum.GcReddy.TestNGClasses.LoginActions_MultipleData"/>
  <testcase name="LoginRunnerUsingMultiData" time="2.765" classname="org.Selenum.GcReddy.TestNGClasses.LoginActions_MultipleData"/>
  <testcase name="LoginRunnerUsingMultiData" time="2.638" classname="org.Selenum.GcReddy.TestNGClasses.LoginActions_MultipleData"/>
  <testcase name="LoginRunnerUsingMultiData" time="2.845" classname="org.Selenum.GcReddy.TestNGClasses.LoginActions_MultipleData"/>
</testsuite> <!-- Test -->
