<?xml version="1.0" encoding="UTF-8"?>
<!-- Generated by org.testng.reporters.JUnitXMLReporter -->
<testsuite hostname="LAPTOP-DKIK15C0" ignored="0" name="Default test" tests="5" failures="0" timestamp="20 Jul 2023 06:54:23 GMT" time="63.454" errors="0">
  <testcase name="LoginRunnerUsingMultiData" time="3.786" classname="org.Selenum.GcReddy.TestNGClasses.LoginActions_MultipleData"/>
  <testcase name="LoginRunnerUsingMultiData" time="2.869" classname="org.Selenum.GcReddy.TestNGClasses.LoginActions_MultipleData"/>
  <testcase name="LoginRunnerUsingMultiData" time="2.86" classname="org.Selenum.GcReddy.TestNGClasses.LoginActions_MultipleData"/>
  <testcase name="LoginRunnerUsingMultiData" time="2.756" classname="org.Selenum.GcReddy.TestNGClasses.LoginActions_MultipleData"/>
  <testcase name="LoginRunnerUsingMultiData" time="2.746" classname="org.Selenum.GcReddy.TestNGClasses.LoginActions_MultipleData"/>
</testsuite> <!-- Default test -->
