<?xml version="1.0" encoding="UTF-8"?>
<testng-results skipped="0" failed="0" ignored="0" total="1" passed="1">
  <reporter-output>
  </reporter-output>
  <suite name="Suite" duration-ms="97435" started-at="2023-07-25T14:25:23 IST" finished-at="2023-07-25T14:27:00 IST">
    <groups>
    </groups>
    <test name="Test" duration-ms="97435" started-at="2023-07-25T14:25:23 IST" finished-at="2023-07-25T14:27:00 IST">
      <class name="org.Selenum.GcReddy.TestNGClasses.LoginActions_PositiveData">
        <test-method status="PASS" signature="initiliaseFiles()[pri:0, instance:org.Selenum.GcReddy.TestNGClasses.LoginActions_PositiveData@6ddf90b0]" name="initiliaseFiles" is-config="true" duration-ms="2520" started-at="2023-07-25T14:25:20 IST" finished-at="2023-07-25T14:25:23 IST">
          <reporter-output>
          </reporter-output>
        </test-method> <!-- initiliaseFiles -->
        <test-method status="PASS" signature="Browserinvoked()[pri:0, instance:org.Selenum.GcReddy.TestNGClasses.LoginActions_PositiveData@6ddf90b0]" name="Browserinvoked" is-config="true" duration-ms="88042" started-at="2023-07-25T14:25:23 IST" finished-at="2023-07-25T14:26:51 IST">
          <reporter-output>
          </reporter-output>
        </test-method> <!-- Browserinvoked -->
        <test-method status="PASS" signature="LoginActionsTC()[pri:0, instance:org.Selenum.GcReddy.TestNGClasses.LoginActions_PositiveData@6ddf90b0]" name="LoginActionsTC" duration-ms="2746" started-at="2023-07-25T14:26:51 IST" finished-at="2023-07-25T14:26:53 IST">
          <reporter-output>
          </reporter-output>
        </test-method> <!-- LoginActionsTC -->
        <test-method status="PASS" signature="CloseBrowser()[pri:0, instance:org.Selenum.GcReddy.TestNGClasses.LoginActions_PositiveData@6ddf90b0]" name="CloseBrowser" is-config="true" duration-ms="5361" started-at="2023-07-25T14:26:53 IST" finished-at="2023-07-25T14:26:59 IST">
          <reporter-output>
          </reporter-output>
        </test-method> <!-- CloseBrowser -->
        <test-method status="PASS" signature="FlushReports()[pri:0, instance:org.Selenum.GcReddy.TestNGClasses.LoginActions_PositiveData@6ddf90b0]" name="FlushReports" is-config="true" duration-ms="1241" started-at="2023-07-25T14:26:59 IST" finished-at="2023-07-25T14:27:00 IST">
          <reporter-output>
          </reporter-output>
        </test-method> <!-- FlushReports -->
      </class> <!-- org.Selenum.GcReddy.TestNGClasses.LoginActions_PositiveData -->
    </test> <!-- Test -->
  </suite> <!-- Suite -->
</testng-results>
